2021-04-01 14:12:18,246 INFO org.springframework.boot.StartupInfoLogger [restartedMain] Starting TravellerApplication using Java 15.0.2 on DESKTOP-CSTC129 with PID 4428 (C:\Users\HP\Desktop\traveller\Project\target\classes started by HP in C:\Users\HP\Desktop\traveller\Project)
2021-04-01 14:12:18,248 DEBUG org.springframework.boot.StartupInfoLogger [restartedMain] Running with Spring Boot v2.4.4, Spring v5.3.5
2021-04-01 14:12:18,248 INFO org.springframework.boot.SpringApplication [restartedMain] The following profiles are active: krisi
2021-04-01 14:12:22,577 INFO org.springframework.boot.StartupInfoLogger [restartedMain] Started TravellerApplication in 4.642 seconds (JVM running for 5.239)
2021-04-01 14:12:28,133 ERROR traveller.controller.AbstractController [http-nio-7878-exec-3] You must log in first.
2021-04-01 14:13:05,979 ERROR traveller.controller.AbstractController [http-nio-7878-exec-6] Post not found!
2021-04-01 14:14:58,986 INFO org.springframework.boot.StartupInfoLogger [restartedMain] Starting TravellerApplication using Java 15.0.2 on DESKTOP-CSTC129 with PID 12664 (C:\Users\HP\Desktop\traveller\Project\target\classes started by HP in C:\Users\HP\Desktop\traveller\Project)
2021-04-01 14:14:58,987 DEBUG org.springframework.boot.StartupInfoLogger [restartedMain] Running with Spring Boot v2.4.4, Spring v5.3.5
2021-04-01 14:14:58,987 INFO org.springframework.boot.SpringApplication [restartedMain] The following profiles are active: krisi
2021-04-01 14:15:03,337 INFO org.springframework.boot.StartupInfoLogger [restartedMain] Started TravellerApplication in 4.626 seconds (JVM running for 6.397)
2021-04-01 15:46:50,248 INFO org.springframework.boot.StartupInfoLogger [restartedMain] Starting TravellerApplication using Java 15.0.2 on DESKTOP-CSTC129 with PID 11320 (C:\Users\HP\Desktop\traveller\Project\target\classes started by HP in C:\Users\HP\Desktop\traveller\Project)
2021-04-01 15:46:50,255 DEBUG org.springframework.boot.StartupInfoLogger [restartedMain] Running with Spring Boot v2.4.4, Spring v5.3.5
2021-04-01 15:46:50,255 INFO org.springframework.boot.SpringApplication [restartedMain] The following profiles are active: krisi
2021-04-01 15:47:17,688 INFO org.springframework.boot.StartupInfoLogger [restartedMain] Started TravellerApplication in 29.257 seconds (JVM running for 31.548)
2021-04-01 15:47:39,807 ERROR traveller.controller.AbstractController [http-nio-7878-exec-3] Column 'created_at' cannot be null
2021-04-01 15:47:50,236 ERROR traveller.controller.AbstractController [http-nio-7878-exec-5] Column 'created_at' cannot be null
2021-04-01 15:47:51,367 ERROR traveller.controller.AbstractController [http-nio-7878-exec-7] Column 'created_at' cannot be null
2021-04-01 15:52:19,960 ERROR traveller.controller.AbstractController [http-nio-7878-exec-9] Already logged in.
2021-04-01 15:52:32,054 INFO org.springframework.boot.StartupInfoLogger [restartedMain] Starting TravellerApplication using Java 15.0.2 on DESKTOP-CSTC129 with PID 4312 (C:\Users\HP\Desktop\traveller\Project\target\classes started by HP in C:\Users\HP\Desktop\traveller\Project)
2021-04-01 15:52:32,055 DEBUG org.springframework.boot.StartupInfoLogger [restartedMain] Running with Spring Boot v2.4.4, Spring v5.3.5
2021-04-01 15:52:32,055 INFO org.springframework.boot.SpringApplication [restartedMain] The following profiles are active: krisi
2021-04-01 15:52:36,154 INFO org.springframework.boot.StartupInfoLogger [restartedMain] Started TravellerApplication in 4.397 seconds (JVM running for 4.995)
2021-04-01 15:58:21,384 INFO org.springframework.boot.StartupInfoLogger [restartedMain] Starting TravellerApplication using Java 15.0.2 on DESKTOP-CSTC129 with PID 13168 (C:\Users\HP\Desktop\traveller\Project\target\classes started by HP in C:\Users\HP\Desktop\traveller\Project)
2021-04-01 15:58:21,385 DEBUG org.springframework.boot.StartupInfoLogger [restartedMain] Running with Spring Boot v2.4.4, Spring v5.3.5
2021-04-01 15:58:21,386 INFO org.springframework.boot.SpringApplication [restartedMain] The following profiles are active: krisi
2021-04-01 15:58:25,485 INFO org.springframework.boot.StartupInfoLogger [restartedMain] Started TravellerApplication in 4.369 seconds (JVM running for 5.122)
2021-04-01 16:01:03,582 INFO org.springframework.boot.StartupInfoLogger [restartedMain] Starting TravellerApplication using Java 15.0.2 on DESKTOP-CSTC129 with PID 5720 (C:\Users\HP\Desktop\traveller\Project\target\classes started by HP in C:\Users\HP\Desktop\traveller\Project)
2021-04-01 16:01:03,583 DEBUG org.springframework.boot.StartupInfoLogger [restartedMain] Running with Spring Boot v2.4.4, Spring v5.3.5
2021-04-01 16:01:03,583 INFO org.springframework.boot.SpringApplication [restartedMain] The following profiles are active: krisi
2021-04-01 16:01:07,770 INFO org.springframework.boot.StartupInfoLogger [restartedMain] Started TravellerApplication in 4.655 seconds (JVM running for 5.488)
2021-04-01 16:04:25,255 INFO org.springframework.boot.StartupInfoLogger [restartedMain] Starting TravellerApplication using Java 15.0.2 on DESKTOP-CSTC129 with PID 8256 (C:\Users\HP\Desktop\traveller\Project\target\classes started by HP in C:\Users\HP\Desktop\traveller\Project)
2021-04-01 16:04:25,256 DEBUG org.springframework.boot.StartupInfoLogger [restartedMain] Running with Spring Boot v2.4.4, Spring v5.3.5
2021-04-01 16:04:25,256 INFO org.springframework.boot.SpringApplication [restartedMain] The following profiles are active: krisi
2021-04-01 16:04:29,585 INFO org.springframework.boot.StartupInfoLogger [restartedMain] Started TravellerApplication in 4.621 seconds (JVM running for 5.206)
2021-04-01 16:18:40,626 INFO org.springframework.boot.StartupInfoLogger [restartedMain] Starting TravellerApplication using Java 15.0.2 on DESKTOP-CSTC129 with PID 10948 (C:\Users\HP\Desktop\traveller\Project\target\classes started by HP in C:\Users\HP\Desktop\traveller\Project)
2021-04-01 16:18:40,627 DEBUG org.springframework.boot.StartupInfoLogger [restartedMain] Running with Spring Boot v2.4.4, Spring v5.3.5
2021-04-01 16:18:40,627 INFO org.springframework.boot.SpringApplication [restartedMain] The following profiles are active: krisi
2021-04-01 16:18:45,468 INFO org.springframework.boot.StartupInfoLogger [restartedMain] Started TravellerApplication in 5.17 seconds (JVM running for 5.824)
2021-04-01 16:23:20,705 INFO org.springframework.boot.StartupInfoLogger [restartedMain] Starting TravellerApplication using Java 15.0.2 on DESKTOP-CSTC129 with PID 12356 (C:\Users\HP\Desktop\traveller\Project\target\classes started by HP in C:\Users\HP\Desktop\traveller\Project)
2021-04-01 16:23:20,707 DEBUG org.springframework.boot.StartupInfoLogger [restartedMain] Running with Spring Boot v2.4.4, Spring v5.3.5
2021-04-01 16:23:20,707 INFO org.springframework.boot.SpringApplication [restartedMain] The following profiles are active: krisi
2021-04-01 16:23:25,039 INFO org.springframework.boot.StartupInfoLogger [restartedMain] Started TravellerApplication in 4.639 seconds (JVM running for 5.263)
2021-04-01 16:24:51,596 INFO org.springframework.boot.StartupInfoLogger [restartedMain] Starting TravellerApplication using Java 15.0.2 on DESKTOP-CSTC129 with PID 13172 (C:\Users\HP\Desktop\traveller\Project\target\classes started by HP in C:\Users\HP\Desktop\traveller\Project)
2021-04-01 16:24:51,597 DEBUG org.springframework.boot.StartupInfoLogger [restartedMain] Running with Spring Boot v2.4.4, Spring v5.3.5
2021-04-01 16:24:51,597 INFO org.springframework.boot.SpringApplication [restartedMain] The following profiles are active: krisi
2021-04-01 16:24:55,957 INFO org.springframework.boot.StartupInfoLogger [restartedMain] Started TravellerApplication in 4.641 seconds (JVM running for 5.236)
2021-04-01 16:25:48,443 INFO org.springframework.boot.StartupInfoLogger [restartedMain] Starting TravellerApplication using Java 15.0.2 on DESKTOP-CSTC129 with PID 10980 (C:\Users\HP\Desktop\traveller\Project\target\classes started by HP in C:\Users\HP\Desktop\traveller\Project)
2021-04-01 16:25:48,444 DEBUG org.springframework.boot.StartupInfoLogger [restartedMain] Running with Spring Boot v2.4.4, Spring v5.3.5
2021-04-01 16:25:48,444 INFO org.springframework.boot.SpringApplication [restartedMain] The following profiles are active: krisi
2021-04-01 16:25:52,780 INFO org.springframework.boot.StartupInfoLogger [restartedMain] Started TravellerApplication in 4.616 seconds (JVM running for 5.21)
2021-04-01 16:25:56,164 ERROR traveller.controller.AbstractController [http-nio-7878-exec-1] You must log in first.
